<?xml version="1.0" encoding="UTF-8"?>
<!-- Generated by org.testng.reporters.JUnitXMLReporter -->
<testsuite ignored="0" hostname="DESKTOP-QJ8FUFK" failures="0" tests="4" name="Default test" time="8.76" errors="0" timestamp="2023-10-11T16:02:39 ICT">
  <testcase classname="api.test.UserTest2" name="testPostUser" time="3.921"/>
  <testcase classname="api.test.UserTest2" name="testGetUserByName" time="1.312"/>
  <testcase classname="api.test.UserTest2" name="testUpdateUserByName" time="1.263"/>
  <testcase classname="api.test.UserTest2" name="testDeleteUserByName" time="1.22"/>
</testsuite> <!-- Default test -->
