<?xml version="1.0" encoding="UTF-8"?>
<testng-results ignored="0" total="4" passed="4" failed="0" skipped="0">
  <reporter-output>
  </reporter-output>
  <suite started-at="2023-10-11T16:51:22 ICT" name="PetSuite" finished-at="2023-10-11T16:51:31 ICT" duration-ms="9279">
    <groups>
    </groups>
    <test started-at="2023-10-11T16:51:22 ICT" name="Pet Test" finished-at="2023-10-11T16:51:31 ICT" duration-ms="9279">
      <class name="api.test.UserTest">
        <test-method is-config="true" signature="setupData()[pri:0, instance:api.test.UserTest@942a29c]" started-at="2023-10-11T16:51:23 ICT" name="setupData" finished-at="2023-10-11T16:51:24 ICT" duration-ms="1448" status="PASS">
          <reporter-output>
          </reporter-output>
        </test-method> <!-- setupData -->
        <test-method signature="testPostUser()[pri:1, instance:api.test.UserTest@942a29c]" started-at="2023-10-11T16:51:24 ICT" name="testPostUser" finished-at="2023-10-11T16:51:28 ICT" duration-ms="3582" status="PASS">
          <reporter-output>
          </reporter-output>
        </test-method> <!-- testPostUser -->
        <test-method signature="testGetUserByName()[pri:2, instance:api.test.UserTest@942a29c]" started-at="2023-10-11T16:51:28 ICT" name="testGetUserByName" finished-at="2023-10-11T16:51:29 ICT" duration-ms="1326" status="PASS">
          <reporter-output>
          </reporter-output>
        </test-method> <!-- testGetUserByName -->
        <test-method signature="testUpdateUserByName()[pri:3, instance:api.test.UserTest@942a29c]" started-at="2023-10-11T16:51:29 ICT" name="testUpdateUserByName" finished-at="2023-10-11T16:51:30 ICT" duration-ms="1289" status="PASS">
          <reporter-output>
          </reporter-output>
        </test-method> <!-- testUpdateUserByName -->
        <test-method signature="testDeleteUserByName()[pri:4, instance:api.test.UserTest@942a29c]" started-at="2023-10-11T16:51:30 ICT" name="testDeleteUserByName" finished-at="2023-10-11T16:51:31 ICT" duration-ms="1171" status="PASS">
          <reporter-output>
          </reporter-output>
        </test-method> <!-- testDeleteUserByName -->
      </class> <!-- api.test.UserTest -->
    </test> <!-- Pet Test -->
  </suite> <!-- PetSuite -->
</testng-results>
