<?xml version="1.0" encoding="UTF-8"?>
<testng-results ignored="0" total="4" passed="4" failed="0" skipped="0">
  <reporter-output>
  </reporter-output>
  <suite started-at="2023-10-11T16:02:30 ICT" name="Default suite" finished-at="2023-10-11T16:02:39 ICT" duration-ms="8760">
    <groups>
    </groups>
    <test started-at="2023-10-11T16:02:30 ICT" name="Default test" finished-at="2023-10-11T16:02:39 ICT" duration-ms="8760">
      <class name="api.test.UserTest2">
        <test-method is-config="true" signature="setupData()[pri:0, instance:api.test.UserTest2@26d9b808]" started-at="2023-10-11T16:02:30 ICT" name="setupData" finished-at="2023-10-11T16:02:31 ICT" duration-ms="982" status="PASS">
          <reporter-output>
          </reporter-output>
        </test-method> <!-- setupData -->
        <test-method signature="testPostUser()[pri:1, instance:api.test.UserTest2@26d9b808]" started-at="2023-10-11T16:02:31 ICT" name="testPostUser" finished-at="2023-10-11T16:02:35 ICT" duration-ms="3921" status="PASS">
          <reporter-output>
          </reporter-output>
        </test-method> <!-- testPostUser -->
        <test-method signature="testGetUserByName()[pri:2, instance:api.test.UserTest2@26d9b808]" started-at="2023-10-11T16:02:35 ICT" name="testGetUserByName" finished-at="2023-10-11T16:02:36 ICT" duration-ms="1312" status="PASS">
          <reporter-output>
          </reporter-output>
        </test-method> <!-- testGetUserByName -->
        <test-method signature="testUpdateUserByName()[pri:3, instance:api.test.UserTest2@26d9b808]" started-at="2023-10-11T16:02:36 ICT" name="testUpdateUserByName" finished-at="2023-10-11T16:02:38 ICT" duration-ms="1263" status="PASS">
          <reporter-output>
          </reporter-output>
        </test-method> <!-- testUpdateUserByName -->
        <test-method signature="testDeleteUserByName()[pri:4, instance:api.test.UserTest2@26d9b808]" started-at="2023-10-11T16:02:38 ICT" name="testDeleteUserByName" finished-at="2023-10-11T16:02:39 ICT" duration-ms="1220" status="PASS">
          <reporter-output>
          </reporter-output>
        </test-method> <!-- testDeleteUserByName -->
      </class> <!-- api.test.UserTest2 -->
    </test> <!-- Default test -->
  </suite> <!-- Default suite -->
</testng-results>
