<?xml version="1.0" encoding="UTF-8"?>
<!-- Generated by org.testng.reporters.JUnitXMLReporter -->
<testsuite ignored="0" hostname="DESKTOP-QJ8FUFK" failures="0" tests="4" name="Pet Test" time="9.279" errors="0" timestamp="2023-10-11T16:51:32 ICT">
  <testcase classname="api.test.UserTest" name="testPostUser" time="3.582"/>
  <testcase classname="api.test.UserTest" name="testGetUserByName" time="1.326"/>
  <testcase classname="api.test.UserTest" name="testUpdateUserByName" time="1.289"/>
  <testcase classname="api.test.UserTest" name="testDeleteUserByName" time="1.171"/>
</testsuite> <!-- Pet Test -->
