<?xml version="1.0" encoding="UTF-8"?>
<!-- Generated by org.testng.reporters.JUnitXMLReporter -->
<testsuite ignored="0" hostname="DESKTOP-QJ8FUFK" failures="1" tests="4" name="Pet Test" time="7.706" errors="0" timestamp="2023-10-11T15:02:26 ICT">
  <testcase classname="api.test.UserTest" name="testPostUser" time="2.87">
    <failure type="java.lang.AssertionError" message="expected [204] but found [200]">
      <![CDATA[java.lang.AssertionError: expected [204] but found [200]
at api.test.UserTest.testPostUser(UserTest.java:46)
at java.base/java.util.ArrayList.forEach(ArrayList.java:1541)
... Removed 34 stack frames]]>
    </failure>
  </testcase> <!-- testPostUser -->
  <testcase classname="api.test.UserTest" name="testGetUserByName" time="1.378"/>
  <testcase classname="api.test.UserTest" name="testUpdateUserByName" time="1.289"/>
  <testcase classname="api.test.UserTest" name="testDeleteUserByName" time="1.308"/>
</testsuite> <!-- Pet Test -->
